빌드 시작: 2015-08-13 오후 10:22:45
     1>4 노드의 "C:\HM15.0\build\vc10\TAppEncoder_vc10.vcxproj" 프로젝트(Build 대상)입니다.
     1>ClCompile:
         C:\Program Files (x86)\Microsoft Visual Studio 12.0\VC\bin\x86_arm\CL.exe /c /IC:\HM15.0\build\\..\source\Lib\ /IC:\HM15.0\build\\..\compat\msvc /ZI /nologo /W3 /WX- /Od /Oy- /D WIN32 /D _DEBUG /D _CONSOLE /D _CRT_SECURE_NO_WARNINGS /D _ARM_WINAPI_PARTITION_DESKTOP_SDK_AVAILABLE=1 /D _MBCS /Gm /EHsc /RTC1 /MTd /GS /fp:precise /Zc:wchar_t /Zc:forScope /Fo"C:\HM15.0\build\\vc10\ARM\Debug\TAppEncoder\\" /Fd"C:\HM15.0\build\\vc10\ARM\Debug\TAppEncoder\vc120.pdb" /Gd /TP /analyze- /errorReport:prompt ..\..\source\App\TAppEncoder\encmain.cpp ..\..\source\App\TAppEncoder\TAppEncCfg.cpp ..\..\source\App\TAppEncoder\TAppEncTop.cpp
     1>cl : 명령줄 warning D9038: 이 플랫폼에서는 /ZI가 지원되지 않습니다. 대신 /Zi를 사용합니다.
     1>cl : 명령줄 warning D9007: '/Gm'에는 '/Zi'이(가) 있어야 합니다. 옵션이 무시됩니다.
     1>cl : 명령줄 warning D9002: 알 수 없는 '/ZI' 옵션을 무시합니다.
         encmain.cpp
         TAppEncCfg.cpp
         TAppEncTop.cpp
         코드를 생성하고 있습니다...
       Link:
         C:\Program Files (x86)\Microsoft Visual Studio 12.0\VC\bin\x86_arm\link.exe /ERRORREPORT:PROMPT /OUT:"C:\HM15.0\build\\..\bin\vc10\ARM\Debug\TAppEncoder.exe" /INCREMENTAL /NOLOGO kernel32.lib user32.lib /MANIFEST /MANIFESTUAC:"level='asInvoker' uiAccess='false'" /manifest:embed /DEBUG /PDB:"C:\HM15.0\build\\..\bin\vc10\ARM\Debug\TAppEncoder.pdb" /SUBSYSTEM:CONSOLE /TLBID:1 /DYNAMICBASE /NXCOMPAT /IMPLIB:"C:\HM15.0\build\\..\bin\vc10\ARM\Debug\TAppEncoder.lib" /MACHINE:ARM C:\HM15.0\build\\vc10\ARM\Debug\TAppEncoder\encmain.obj
         C:\HM15.0\build\\vc10\ARM\Debug\TAppEncoder\TAppEncCfg.obj
         C:\HM15.0\build\\vc10\ARM\Debug\TAppEncoder\TAppEncTop.obj
         C:\HM15.0\build\vc10\ARM\Debug\TAppCommon\TAppCommon.lib
         C:\HM15.0\build\vc10\ARM\Debug\TLibCommon\TLibCommon.lib
         C:\HM15.0\build\vc10\ARM\Debug\TLibEncoder\TLibEncoder.lib
         C:\HM15.0\build\vc10\ARM\Debug\TLibVideoIo\TLibVideoIO.lib
         TAppEncoder_vc10.vcxproj -> C:\HM15.0\build\\..\bin\vc10\ARM\Debug\TAppEncoder.exe
     1>"C:\HM15.0\build\vc10\TAppEncoder_vc10.vcxproj" 프로젝트를 빌드했습니다(Build 대상).

빌드했습니다.

경과 시간: 00:00:05.56
