빌드 시작: 2015-08-27 오전 2:28:38
     1>3 노드의 "C:\HM15.0\build\vc10\TLibCommon_vc10.vcxproj" 프로젝트(Build 대상)입니다.
     1>ClCompile:
         C:\Program Files (x86)\Microsoft Visual Studio 12.0\VC\bin\CL.exe /c /IC:\HM15.0\build\\..\source\Lib\ /IC:\HM15.0\build\\..\compat\msvc /Zi /nologo /W3 /WX- /O2 /Ob2 /Ot /Oy- /GL /D WIN32 /D _LIB /D _CRT_SECURE_NO_WARNINGS /D _MBCS /GF /Gm- /EHsc /MT /GS /Gy /fp:precise /Zc:wchar_t /Zc:forScope /Fo"C:\HM15.0\build\\vc10\Win32\Release\TLibCommon\\" /Fd"C:\HM15.0\build\\vc10\Win32\Release\TLibCommon\vc120.pdb" /Gd /TP /analyze- /errorReport:prompt ..\..\source\Lib\TLibCommon\ContextModel.cpp ..\..\source\Lib\TLibCommon\ContextModel3DBuffer.cpp ..\..\source\Lib\TLibCommon\SEI.cpp ..\..\source\Lib\TLibCommon\TComBitStream.cpp ..\..\source\Lib\TLibCommon\TComCABACTables.cpp ..\..\source\Lib\TLibCommon\TComDataCU.cpp ..\..\source\Lib\TLibCommon\TComInterpolationFilter.cpp ..\..\source\Lib\TLibCommon\TComLoopFilter.cpp ..\..\source\Lib\TLibCommon\TComMotionInfo.cpp ..\..\source\Lib\TLibCommon\TComPattern.cpp ..\..\source\Lib\TLibCommon\TComPic.cpp ..\..\source\Lib\TLibCommon\TComPicSym.cpp ..\..\source\Lib\TLibCommon\TComPicYuv.cpp ..\..\source\Lib\TLibCommon\TComPicYuvMD5.cpp ..\..\source\Lib\TLibCommon\TComPrediction.cpp ..\..\source\Lib\TLibCommon\TComRdCost.cpp ..\..\source\Lib\TLibCommon\TComRdCostWeightPrediction.cpp ..\..\source\Lib\TLibCommon\TComRom.cpp ..\..\source\Lib\TLibCommon\TComSampleAdaptiveOffset.cpp ..\..\source\Lib\TLibCommon\TComSlice.cpp ..\..\source\Lib\TLibCommon\TComTrQuant.cpp ..\..\source\Lib\TLibCommon\TComWeightPrediction.cpp ..\..\source\Lib\TLibCommon\TComYuv.cpp
         ContextModel.cpp
         ContextModel3DBuffer.cpp
         SEI.cpp
         TComBitStream.cpp
         TComCABACTables.cpp
         TComDataCU.cpp
         TComInterpolationFilter.cpp
         TComLoopFilter.cpp
         TComMotionInfo.cpp
         TComPattern.cpp
         TComPic.cpp
         TComPicSym.cpp
         TComPicYuv.cpp
         TComPicYuvMD5.cpp
         TComPrediction.cpp
         TComRdCost.cpp
         TComRdCostWeightPrediction.cpp
         TComRom.cpp
         TComSampleAdaptiveOffset.cpp
         TComSlice.cpp
         컴파일하고 있습니다...
         TComTrQuant.cpp
         TComWeightPrediction.cpp
         TComYuv.cpp
         C:\Program Files (x86)\Microsoft Visual Studio 12.0\VC\bin\CL.exe /c /IC:\HM15.0\build\\..\source\Lib\ /IC:\HM15.0\build\\..\compat\msvc /Zi /nologo /W3 /WX- /O2 /Ob2 /Ot /Oy- /GL /D WIN32 /D _LIB /D _CRT_SECURE_NO_WARNINGS /D _MBCS /GF /Gm- /EHsc /MT /GS /Gy /fp:precise /Zc:wchar_t /Zc:forScope /Fo"C:\HM15.0\build\\vc10\Win32\Release\TLibCommon\\" /Fd"C:\HM15.0\build\\vc10\Win32\Release\TLibCommon\vc120.pdb" /Gd /TC /analyze- /errorReport:prompt ..\..\source\Lib\libmd5\libmd5.c
         libmd5.c
       Lib:
         C:\Program Files (x86)\Microsoft Visual Studio 12.0\VC\bin\Lib.exe /OUT:"C:\HM15.0\build\\vc10\Win32\Release\TLibCommon\TLibCommon.lib" /NOLOGO /LTCG C:\HM15.0\build\\vc10\Win32\Release\TLibCommon\ContextModel.obj
         C:\HM15.0\build\\vc10\Win32\Release\TLibCommon\ContextModel3DBuffer.obj
         C:\HM15.0\build\\vc10\Win32\Release\TLibCommon\libmd5.obj
         C:\HM15.0\build\\vc10\Win32\Release\TLibCommon\SEI.obj
         C:\HM15.0\build\\vc10\Win32\Release\TLibCommon\TComBitStream.obj
         C:\HM15.0\build\\vc10\Win32\Release\TLibCommon\TComCABACTables.obj
         C:\HM15.0\build\\vc10\Win32\Release\TLibCommon\TComDataCU.obj
         C:\HM15.0\build\\vc10\Win32\Release\TLibCommon\TComInterpolationFilter.obj
         C:\HM15.0\build\\vc10\Win32\Release\TLibCommon\TComLoopFilter.obj
         C:\HM15.0\build\\vc10\Win32\Release\TLibCommon\TComMotionInfo.obj
         C:\HM15.0\build\\vc10\Win32\Release\TLibCommon\TComPattern.obj
         C:\HM15.0\build\\vc10\Win32\Release\TLibCommon\TComPic.obj
         C:\HM15.0\build\\vc10\Win32\Release\TLibCommon\TComPicSym.obj
         C:\HM15.0\build\\vc10\Win32\Release\TLibCommon\TComPicYuv.obj
         C:\HM15.0\build\\vc10\Win32\Release\TLibCommon\TComPicYuvMD5.obj
         C:\HM15.0\build\\vc10\Win32\Release\TLibCommon\TComPrediction.obj
         C:\HM15.0\build\\vc10\Win32\Release\TLibCommon\TComRdCost.obj
         C:\HM15.0\build\\vc10\Win32\Release\TLibCommon\TComRdCostWeightPrediction.obj
         C:\HM15.0\build\\vc10\Win32\Release\TLibCommon\TComRom.obj
         C:\HM15.0\build\\vc10\Win32\Release\TLibCommon\TComSampleAdaptiveOffset.obj
         C:\HM15.0\build\\vc10\Win32\Release\TLibCommon\TComSlice.obj
         C:\HM15.0\build\\vc10\Win32\Release\TLibCommon\TComTrQuant.obj
         C:\HM15.0\build\\vc10\Win32\Release\TLibCommon\TComWeightPrediction.obj
         C:\HM15.0\build\\vc10\Win32\Release\TLibCommon\TComYuv.obj
         TLibCommon_vc10.vcxproj -> C:\HM15.0\build\\vc10\Win32\Release\TLibCommon\TLibCommon.lib
     1>"C:\HM15.0\build\vc10\TLibCommon_vc10.vcxproj" 프로젝트를 빌드했습니다(Build 대상).

빌드했습니다.

경과 시간: 00:00:12.02
