빌드 시작: 2015-08-13 오후 10:32:00
     1>4 노드의 "C:\HM15.0\build\vc10\TLibDecoder_vc10.vcxproj" 프로젝트(Build 대상)입니다.
     1>ClCompile:
         C:\Program Files (x86)\Microsoft Visual Studio 12.0\VC\bin\x86_arm\CL.exe /c /IC:\HM15.0\build\\..\source\Lib\ /IC:\HM15.0\build\\..\compat\msvc /ZI /nologo /W3 /WX- /Od /Oy- /D WIN32 /D _DEBUG /D _LIB /D _CRT_SECURE_NO_WARNINGS /D _ARM_WINAPI_PARTITION_DESKTOP_SDK_AVAILABLE=1 /D _MBCS /Gm /EHsc /RTC1 /MTd /GS /fp:precise /Zc:wchar_t /Zc:forScope /Fo"C:\HM15.0\build\\vc10\ARM\Debug\TLibDecoder\\" /Fd"C:\HM15.0\build\\vc10\ARM\Debug\TLibDecoder\vc120.pdb" /Gd /TP /analyze- /errorReport:prompt ..\..\source\Lib\TLibDecoder\AnnexBread.cpp ..\..\source\Lib\TLibDecoder\NALread.cpp ..\..\source\Lib\TLibDecoder\SEIread.cpp ..\..\source\Lib\TLibDecoder\SyntaxElementParser.cpp ..\..\source\Lib\TLibDecoder\TDecBinCoderCABAC.cpp ..\..\source\Lib\TLibDecoder\TDecCAVLC.cpp ..\..\source\Lib\TLibDecoder\TDecCu.cpp ..\..\source\Lib\TLibDecoder\TDecEntropy.cpp ..\..\source\Lib\TLibDecoder\TDecGop.cpp ..\..\source\Lib\TLibDecoder\TDecSbac.cpp ..\..\source\Lib\TLibDecoder\TDecSlice.cpp ..\..\source\Lib\TLibDecoder\TDecTop.cpp
     1>cl : 명령줄 warning D9038: 이 플랫폼에서는 /ZI가 지원되지 않습니다. 대신 /Zi를 사용합니다.
     1>cl : 명령줄 warning D9007: '/Gm'에는 '/Zi'이(가) 있어야 합니다. 옵션이 무시됩니다.
     1>cl : 명령줄 warning D9002: 알 수 없는 '/ZI' 옵션을 무시합니다.
         AnnexBread.cpp
         NALread.cpp
         SEIread.cpp
         SyntaxElementParser.cpp
         TDecBinCoderCABAC.cpp
         TDecCAVLC.cpp
         TDecCu.cpp
         TDecEntropy.cpp
         TDecGop.cpp
         TDecSbac.cpp
         TDecSlice.cpp
         TDecTop.cpp
         코드를 생성하고 있습니다...
       Lib:
         C:\Program Files (x86)\Microsoft Visual Studio 12.0\VC\bin\x86_arm\Lib.exe /OUT:"C:\HM15.0\build\\vc10\ARM\Debug\TLibDecoder\TLibDecoder.lib" /NOLOGO /MACHINE:ARM C:\HM15.0\build\\vc10\ARM\Debug\TLibDecoder\AnnexBread.obj
         C:\HM15.0\build\\vc10\ARM\Debug\TLibDecoder\NALread.obj
         C:\HM15.0\build\\vc10\ARM\Debug\TLibDecoder\SEIread.obj
         C:\HM15.0\build\\vc10\ARM\Debug\TLibDecoder\SyntaxElementParser.obj
         C:\HM15.0\build\\vc10\ARM\Debug\TLibDecoder\TDecBinCoderCABAC.obj
         C:\HM15.0\build\\vc10\ARM\Debug\TLibDecoder\TDecCAVLC.obj
         C:\HM15.0\build\\vc10\ARM\Debug\TLibDecoder\TDecCu.obj
         C:\HM15.0\build\\vc10\ARM\Debug\TLibDecoder\TDecEntropy.obj
         C:\HM15.0\build\\vc10\ARM\Debug\TLibDecoder\TDecGop.obj
         C:\HM15.0\build\\vc10\ARM\Debug\TLibDecoder\TDecSbac.obj
         C:\HM15.0\build\\vc10\ARM\Debug\TLibDecoder\TDecSlice.obj
         C:\HM15.0\build\\vc10\ARM\Debug\TLibDecoder\TDecTop.obj
         TLibDecoder_vc10.vcxproj -> C:\HM15.0\build\\vc10\ARM\Debug\TLibDecoder\TLibDecoder.lib
     1>"C:\HM15.0\build\vc10\TLibDecoder_vc10.vcxproj" 프로젝트를 빌드했습니다(Build 대상).

빌드했습니다.

경과 시간: 00:00:06.86
