빌드 시작: 2015-08-27 오전 2:28:50
     1>3 노드의 "C:\HM15.0\build\vc10\TAppDecoder_vc10.vcxproj" 프로젝트(Build 대상)입니다.
     1>ClCompile:
         C:\Program Files (x86)\Microsoft Visual Studio 12.0\VC\bin\CL.exe /c /IC:\HM15.0\build\\..\source\Lib\ /IC:\HM15.0\build\\..\compat\msvc /Zi /nologo /W3 /WX- /O2 /Ob2 /Ot /Oy- /GL /D WIN32 /D _CONSOLE /D _CRT_SECURE_NO_WARNINGS /D _MBCS /GF /Gm- /EHsc /MT /GS /Gy /fp:precise /Zc:wchar_t /Zc:forScope /Fo"C:\HM15.0\build\\vc10\Win32\Release\TAppDecoder\\" /Fd"C:\HM15.0\build\\vc10\Win32\Release\TAppDecoder\vc120.pdb" /Gd /TP /analyze- /errorReport:prompt ..\..\source\App\TAppDecoder\decmain.cpp ..\..\source\App\TAppDecoder\TAppDecCfg.cpp ..\..\source\App\TAppDecoder\TAppDecTop.cpp
         decmain.cpp
         TAppDecCfg.cpp
         TAppDecTop.cpp
       Link:
         C:\Program Files (x86)\Microsoft Visual Studio 12.0\VC\bin\link.exe /ERRORREPORT:PROMPT /OUT:"C:\HM15.0\build\\..\bin\vc10\Win32\Release\TAppDecoder.exe" /INCREMENTAL:NO /NOLOGO kernel32.lib user32.lib gdi32.lib winspool.lib comdlg32.lib advapi32.lib shell32.lib ole32.lib oleaut32.lib uuid.lib odbc32.lib odbccp32.lib /MANIFEST /MANIFESTUAC:"level='asInvoker' uiAccess='false'" /manifest:embed /DEBUG /PDB:"C:\HM15.0\build\\..\bin\vc10\Win32\Release\TAppDecoder.pdb" /SUBSYSTEM:CONSOLE /LTCG /TLBID:1 /DYNAMICBASE /NXCOMPAT /IMPLIB:"C:\HM15.0\build\\..\bin\vc10\Win32\Release\TAppDecoder.lib" /MACHINE:X86 /SAFESEH C:\HM15.0\build\\vc10\Win32\Release\TAppDecoder\decmain.obj
         C:\HM15.0\build\\vc10\Win32\Release\TAppDecoder\TAppDecCfg.obj
         C:\HM15.0\build\\vc10\Win32\Release\TAppDecoder\TAppDecTop.obj
         C:\HM15.0\build\vc10\Win32\Release\TAppCommon\TAppCommon.lib
         C:\HM15.0\build\vc10\Win32\Release\TLibCommon\TLibCommon.lib
         C:\HM15.0\build\vc10\Win32\Release\TLibDecoder\TLibDecoder.lib
         C:\HM15.0\build\vc10\Win32\Release\TLibVideoIo\TLibVideoIO.lib
         코드를 생성하고 있습니다.
         코드를 생성했습니다.
         TAppDecoder_vc10.vcxproj -> C:\HM15.0\build\\..\bin\vc10\Win32\Release\TAppDecoder.exe
     1>"C:\HM15.0\build\vc10\TAppDecoder_vc10.vcxproj" 프로젝트를 빌드했습니다(Build 대상).

빌드했습니다.

경과 시간: 00:00:11.32
