빌드 시작: 2015-08-13 오후 10:22:28
     1>5 노드의 "C:\HM15.0\build\vc10\TLibEncoder_vc10.vcxproj" 프로젝트(Build 대상)입니다.
     1>ClCompile:
         C:\Program Files (x86)\Microsoft Visual Studio 12.0\VC\bin\x86_arm\CL.exe /c /IC:\HM15.0\build\\..\source\Lib\ /IC:\HM15.0\build\\..\compat\msvc /ZI /nologo /W3 /WX- /Od /Oy- /D WIN32 /D _DEBUG /D _LIB /D _CRT_SECURE_NO_WARNINGS /D _ARM_WINAPI_PARTITION_DESKTOP_SDK_AVAILABLE=1 /D _MBCS /Gm /EHsc /RTC1 /MTd /GS /fp:precise /Zc:wchar_t /Zc:forScope /Fo"C:\HM15.0\build\\vc10\ARM\Debug\TLibEncoder\\" /Fd"C:\HM15.0\build\\vc10\ARM\Debug\TLibEncoder\vc120.pdb" /Gd /TP /analyze- /errorReport:prompt ..\..\source\Lib\TLibEncoder\NALwrite.cpp ..\..\source\Lib\TLibEncoder\SEIwrite.cpp ..\..\source\Lib\TLibEncoder\SyntaxElementWriter.cpp ..\..\source\Lib\TLibEncoder\TEncAnalyze.cpp ..\..\source\Lib\TLibEncoder\TEncBinCoderCABAC.cpp ..\..\source\Lib\TLibEncoder\TEncBinCoderCABACCounter.cpp ..\..\source\Lib\TLibEncoder\TEncCavlc.cpp ..\..\source\Lib\TLibEncoder\TEncCu.cpp ..\..\source\Lib\TLibEncoder\TEncEntropy.cpp ..\..\source\Lib\TLibEncoder\TEncGOP.cpp ..\..\source\Lib\TLibEncoder\TEncPic.cpp ..\..\source\Lib\TLibEncoder\TEncPreanalyzer.cpp ..\..\source\Lib\TLibEncoder\TEncRateCtrl.cpp ..\..\source\Lib\TLibEncoder\TEncSampleAdaptiveOffset.cpp ..\..\source\Lib\TLibEncoder\TEncSbac.cpp ..\..\source\Lib\TLibEncoder\TEncSearch.cpp ..\..\source\Lib\TLibEncoder\TEncSlice.cpp ..\..\source\Lib\TLibEncoder\TEncTop.cpp ..\..\source\Lib\TLibEncoder\WeightPredAnalysis.cpp
     1>cl : 명령줄 warning D9038: 이 플랫폼에서는 /ZI가 지원되지 않습니다. 대신 /Zi를 사용합니다.
     1>cl : 명령줄 warning D9007: '/Gm'에는 '/Zi'이(가) 있어야 합니다. 옵션이 무시됩니다.
     1>cl : 명령줄 warning D9002: 알 수 없는 '/ZI' 옵션을 무시합니다.
         NALwrite.cpp
         SEIwrite.cpp
         SyntaxElementWriter.cpp
         TEncAnalyze.cpp
         TEncBinCoderCABAC.cpp
         TEncBinCoderCABACCounter.cpp
         TEncCavlc.cpp
         TEncCu.cpp
         TEncEntropy.cpp
         TEncGOP.cpp
         TEncPic.cpp
         TEncPreanalyzer.cpp
         TEncRateCtrl.cpp
         TEncSampleAdaptiveOffset.cpp
         TEncSbac.cpp
         TEncSearch.cpp
         TEncSlice.cpp
         TEncTop.cpp
         WeightPredAnalysis.cpp
         코드를 생성하고 있습니다...
       Lib:
         C:\Program Files (x86)\Microsoft Visual Studio 12.0\VC\bin\x86_arm\Lib.exe /OUT:"C:\HM15.0\build\\vc10\ARM\Debug\TLibEncoder\TLibEncoder.lib" /NOLOGO /MACHINE:ARM C:\HM15.0\build\\vc10\ARM\Debug\TLibEncoder\NALwrite.obj
         C:\HM15.0\build\\vc10\ARM\Debug\TLibEncoder\SEIwrite.obj
         C:\HM15.0\build\\vc10\ARM\Debug\TLibEncoder\SyntaxElementWriter.obj
         C:\HM15.0\build\\vc10\ARM\Debug\TLibEncoder\TEncAnalyze.obj
         C:\HM15.0\build\\vc10\ARM\Debug\TLibEncoder\TEncBinCoderCABAC.obj
         C:\HM15.0\build\\vc10\ARM\Debug\TLibEncoder\TEncBinCoderCABACCounter.obj
         C:\HM15.0\build\\vc10\ARM\Debug\TLibEncoder\TEncCavlc.obj
         C:\HM15.0\build\\vc10\ARM\Debug\TLibEncoder\TEncCu.obj
         C:\HM15.0\build\\vc10\ARM\Debug\TLibEncoder\TEncEntropy.obj
         C:\HM15.0\build\\vc10\ARM\Debug\TLibEncoder\TEncGOP.obj
         C:\HM15.0\build\\vc10\ARM\Debug\TLibEncoder\TEncPic.obj
         C:\HM15.0\build\\vc10\ARM\Debug\TLibEncoder\TEncPreanalyzer.obj
         C:\HM15.0\build\\vc10\ARM\Debug\TLibEncoder\TEncRateCtrl.obj
         C:\HM15.0\build\\vc10\ARM\Debug\TLibEncoder\TEncSampleAdaptiveOffset.obj
         C:\HM15.0\build\\vc10\ARM\Debug\TLibEncoder\TEncSbac.obj
         C:\HM15.0\build\\vc10\ARM\Debug\TLibEncoder\TEncSearch.obj
         C:\HM15.0\build\\vc10\ARM\Debug\TLibEncoder\TEncSlice.obj
         C:\HM15.0\build\\vc10\ARM\Debug\TLibEncoder\TEncTop.obj
         C:\HM15.0\build\\vc10\ARM\Debug\TLibEncoder\WeightPredAnalysis.obj
         TLibEncoder_vc10.vcxproj -> C:\HM15.0\build\\vc10\ARM\Debug\TLibEncoder\TLibEncoder.lib
     1>"C:\HM15.0\build\vc10\TLibEncoder_vc10.vcxproj" 프로젝트를 빌드했습니다(Build 대상).

빌드했습니다.

경과 시간: 00:00:16.96
