빌드 시작: 2015-08-13 오후 10:32:00
     1>3 노드의 "C:\HM15.0\build\vc10\TLibCommon_vc10.vcxproj" 프로젝트(Build 대상)입니다.
     1>ClCompile:
         C:\Program Files (x86)\Microsoft Visual Studio 12.0\VC\bin\x86_arm\CL.exe /c /IC:\HM15.0\build\\..\source\Lib\ /IC:\HM15.0\build\\..\compat\msvc /ZI /nologo /W3 /WX- /Od /Oy- /D WIN32 /D _DEBUG /D _LIB /D _CRT_SECURE_NO_WARNINGS /D _ARM_WINAPI_PARTITION_DESKTOP_SDK_AVAILABLE=1 /D _MBCS /Gm /EHsc /RTC1 /MTd /GS /fp:precise /Zc:wchar_t /Zc:forScope /Fo"C:\HM15.0\build\\vc10\ARM\Debug\TLibCommon\\" /Fd"C:\HM15.0\build\\vc10\ARM\Debug\TLibCommon\vc120.pdb" /Gd /TP /analyze- /errorReport:prompt ..\..\source\Lib\TLibCommon\ContextModel.cpp ..\..\source\Lib\TLibCommon\ContextModel3DBuffer.cpp ..\..\source\Lib\TLibCommon\SEI.cpp ..\..\source\Lib\TLibCommon\TComBitStream.cpp ..\..\source\Lib\TLibCommon\TComCABACTables.cpp ..\..\source\Lib\TLibCommon\TComDataCU.cpp ..\..\source\Lib\TLibCommon\TComInterpolationFilter.cpp ..\..\source\Lib\TLibCommon\TComLoopFilter.cpp ..\..\source\Lib\TLibCommon\TComMotionInfo.cpp ..\..\source\Lib\TLibCommon\TComPattern.cpp ..\..\source\Lib\TLibCommon\TComPic.cpp ..\..\source\Lib\TLibCommon\TComPicSym.cpp ..\..\source\Lib\TLibCommon\TComPicYuv.cpp ..\..\source\Lib\TLibCommon\TComPicYuvMD5.cpp ..\..\source\Lib\TLibCommon\TComPrediction.cpp ..\..\source\Lib\TLibCommon\TComRdCost.cpp ..\..\source\Lib\TLibCommon\TComRdCostWeightPrediction.cpp ..\..\source\Lib\TLibCommon\TComRom.cpp ..\..\source\Lib\TLibCommon\TComSampleAdaptiveOffset.cpp ..\..\source\Lib\TLibCommon\TComSlice.cpp ..\..\source\Lib\TLibCommon\TComTrQuant.cpp ..\..\source\Lib\TLibCommon\TComWeightPrediction.cpp ..\..\source\Lib\TLibCommon\TComYuv.cpp
     1>cl : 명령줄 warning D9038: 이 플랫폼에서는 /ZI가 지원되지 않습니다. 대신 /Zi를 사용합니다.
     1>cl : 명령줄 warning D9007: '/Gm'에는 '/Zi'이(가) 있어야 합니다. 옵션이 무시됩니다.
     1>cl : 명령줄 warning D9002: 알 수 없는 '/ZI' 옵션을 무시합니다.
         ContextModel.cpp
         ContextModel3DBuffer.cpp
         SEI.cpp
         TComBitStream.cpp
         TComCABACTables.cpp
         TComDataCU.cpp
         TComInterpolationFilter.cpp
         TComLoopFilter.cpp
         TComMotionInfo.cpp
         TComPattern.cpp
         TComPic.cpp
         TComPicSym.cpp
         TComPicYuv.cpp
         TComPicYuvMD5.cpp
         TComPrediction.cpp
         TComRdCost.cpp
         TComRdCostWeightPrediction.cpp
         TComRom.cpp
         TComSampleAdaptiveOffset.cpp
         TComSlice.cpp
         코드를 생성하고 있습니다...
         컴파일하고 있습니다...
         TComTrQuant.cpp
         TComWeightPrediction.cpp
         TComYuv.cpp
         코드를 생성하고 있습니다...
         C:\Program Files (x86)\Microsoft Visual Studio 12.0\VC\bin\x86_arm\CL.exe /c /IC:\HM15.0\build\\..\source\Lib\ /IC:\HM15.0\build\\..\compat\msvc /ZI /nologo /W3 /WX- /Od /Oy- /D WIN32 /D _DEBUG /D _LIB /D _CRT_SECURE_NO_WARNINGS /D _ARM_WINAPI_PARTITION_DESKTOP_SDK_AVAILABLE=1 /D _MBCS /Gm /EHsc /RTC1 /MTd /GS /fp:precise /Zc:wchar_t /Zc:forScope /Fo"C:\HM15.0\build\\vc10\ARM\Debug\TLibCommon\\" /Fd"C:\HM15.0\build\\vc10\ARM\Debug\TLibCommon\vc120.pdb" /Gd /TC /analyze- /errorReport:prompt ..\..\source\Lib\libmd5\libmd5.c
     1>cl : 명령줄 warning D9038: 이 플랫폼에서는 /ZI가 지원되지 않습니다. 대신 /Zi를 사용합니다.
     1>cl : 명령줄 warning D9007: '/Gm'에는 '/Zi'이(가) 있어야 합니다. 옵션이 무시됩니다.
     1>cl : 명령줄 warning D9002: 알 수 없는 '/ZI' 옵션을 무시합니다.
         libmd5.c
       Lib:
         C:\Program Files (x86)\Microsoft Visual Studio 12.0\VC\bin\x86_arm\Lib.exe /OUT:"C:\HM15.0\build\\vc10\ARM\Debug\TLibCommon\TLibCommon.lib" /NOLOGO /MACHINE:ARM C:\HM15.0\build\\vc10\ARM\Debug\TLibCommon\ContextModel.obj
         C:\HM15.0\build\\vc10\ARM\Debug\TLibCommon\ContextModel3DBuffer.obj
         C:\HM15.0\build\\vc10\ARM\Debug\TLibCommon\libmd5.obj
         C:\HM15.0\build\\vc10\ARM\Debug\TLibCommon\SEI.obj
         C:\HM15.0\build\\vc10\ARM\Debug\TLibCommon\TComBitStream.obj
         C:\HM15.0\build\\vc10\ARM\Debug\TLibCommon\TComCABACTables.obj
         C:\HM15.0\build\\vc10\ARM\Debug\TLibCommon\TComDataCU.obj
         C:\HM15.0\build\\vc10\ARM\Debug\TLibCommon\TComInterpolationFilter.obj
         C:\HM15.0\build\\vc10\ARM\Debug\TLibCommon\TComLoopFilter.obj
         C:\HM15.0\build\\vc10\ARM\Debug\TLibCommon\TComMotionInfo.obj
         C:\HM15.0\build\\vc10\ARM\Debug\TLibCommon\TComPattern.obj
         C:\HM15.0\build\\vc10\ARM\Debug\TLibCommon\TComPic.obj
         C:\HM15.0\build\\vc10\ARM\Debug\TLibCommon\TComPicSym.obj
         C:\HM15.0\build\\vc10\ARM\Debug\TLibCommon\TComPicYuv.obj
         C:\HM15.0\build\\vc10\ARM\Debug\TLibCommon\TComPicYuvMD5.obj
         C:\HM15.0\build\\vc10\ARM\Debug\TLibCommon\TComPrediction.obj
         C:\HM15.0\build\\vc10\ARM\Debug\TLibCommon\TComRdCost.obj
         C:\HM15.0\build\\vc10\ARM\Debug\TLibCommon\TComRdCostWeightPrediction.obj
         C:\HM15.0\build\\vc10\ARM\Debug\TLibCommon\TComRom.obj
         C:\HM15.0\build\\vc10\ARM\Debug\TLibCommon\TComSampleAdaptiveOffset.obj
         C:\HM15.0\build\\vc10\ARM\Debug\TLibCommon\TComSlice.obj
         C:\HM15.0\build\\vc10\ARM\Debug\TLibCommon\TComTrQuant.obj
         C:\HM15.0\build\\vc10\ARM\Debug\TLibCommon\TComWeightPrediction.obj
         C:\HM15.0\build\\vc10\ARM\Debug\TLibCommon\TComYuv.obj
         TLibCommon_vc10.vcxproj -> C:\HM15.0\build\\vc10\ARM\Debug\TLibCommon\TLibCommon.lib
     1>"C:\HM15.0\build\vc10\TLibCommon_vc10.vcxproj" 프로젝트를 빌드했습니다(Build 대상).

빌드했습니다.

경과 시간: 00:00:09.85
