빌드 시작: 2015-08-27 오전 2:28:38
     1>5 노드의 "C:\HM15.0\build\vc10\TLibEncoder_vc10.vcxproj" 프로젝트(Build 대상)입니다.
     1>ClCompile:
         C:\Program Files (x86)\Microsoft Visual Studio 12.0\VC\bin\CL.exe /c /IC:\HM15.0\build\\..\source\Lib\ /IC:\HM15.0\build\\..\compat\msvc /Zi /nologo /W3 /WX- /O2 /Ob2 /Ot /Oy- /GL /D WIN32 /D _LIB /D _CRT_SECURE_NO_WARNINGS /D _MBCS /GF /Gm- /EHsc /MT /GS /Gy /fp:precise /Zc:wchar_t /Zc:forScope /Fo"C:\HM15.0\build\\vc10\Win32\Release\TLibEncoder\\" /Fd"C:\HM15.0\build\\vc10\Win32\Release\TLibEncoder\vc120.pdb" /Gd /TP /analyze- /errorReport:prompt ..\..\source\Lib\TLibEncoder\NALwrite.cpp ..\..\source\Lib\TLibEncoder\SEIwrite.cpp ..\..\source\Lib\TLibEncoder\SyntaxElementWriter.cpp ..\..\source\Lib\TLibEncoder\TEncAnalyze.cpp ..\..\source\Lib\TLibEncoder\TEncBinCoderCABAC.cpp ..\..\source\Lib\TLibEncoder\TEncBinCoderCABACCounter.cpp ..\..\source\Lib\TLibEncoder\TEncCavlc.cpp ..\..\source\Lib\TLibEncoder\TEncCu.cpp ..\..\source\Lib\TLibEncoder\TEncEntropy.cpp ..\..\source\Lib\TLibEncoder\TEncGOP.cpp ..\..\source\Lib\TLibEncoder\TEncPic.cpp ..\..\source\Lib\TLibEncoder\TEncPreanalyzer.cpp ..\..\source\Lib\TLibEncoder\TEncRateCtrl.cpp ..\..\source\Lib\TLibEncoder\TEncSampleAdaptiveOffset.cpp ..\..\source\Lib\TLibEncoder\TEncSbac.cpp ..\..\source\Lib\TLibEncoder\TEncSearch.cpp ..\..\source\Lib\TLibEncoder\TEncSlice.cpp ..\..\source\Lib\TLibEncoder\TEncTop.cpp ..\..\source\Lib\TLibEncoder\WeightPredAnalysis.cpp
         NALwrite.cpp
         SEIwrite.cpp
         SyntaxElementWriter.cpp
         TEncAnalyze.cpp
         TEncBinCoderCABAC.cpp
         TEncBinCoderCABACCounter.cpp
         TEncCavlc.cpp
         TEncCu.cpp
         TEncEntropy.cpp
         TEncGOP.cpp
         TEncPic.cpp
         TEncPreanalyzer.cpp
         TEncRateCtrl.cpp
         TEncSampleAdaptiveOffset.cpp
         TEncSbac.cpp
         TEncSearch.cpp
         TEncSlice.cpp
         TEncTop.cpp
         WeightPredAnalysis.cpp
       Lib:
         C:\Program Files (x86)\Microsoft Visual Studio 12.0\VC\bin\Lib.exe /OUT:"C:\HM15.0\build\\vc10\Win32\Release\TLibEncoder\TLibEncoder.lib" /NOLOGO /LTCG C:\HM15.0\build\\vc10\Win32\Release\TLibEncoder\NALwrite.obj
         C:\HM15.0\build\\vc10\Win32\Release\TLibEncoder\SEIwrite.obj
         C:\HM15.0\build\\vc10\Win32\Release\TLibEncoder\SyntaxElementWriter.obj
         C:\HM15.0\build\\vc10\Win32\Release\TLibEncoder\TEncAnalyze.obj
         C:\HM15.0\build\\vc10\Win32\Release\TLibEncoder\TEncBinCoderCABAC.obj
         C:\HM15.0\build\\vc10\Win32\Release\TLibEncoder\TEncBinCoderCABACCounter.obj
         C:\HM15.0\build\\vc10\Win32\Release\TLibEncoder\TEncCavlc.obj
         C:\HM15.0\build\\vc10\Win32\Release\TLibEncoder\TEncCu.obj
         C:\HM15.0\build\\vc10\Win32\Release\TLibEncoder\TEncEntropy.obj
         C:\HM15.0\build\\vc10\Win32\Release\TLibEncoder\TEncGOP.obj
         C:\HM15.0\build\\vc10\Win32\Release\TLibEncoder\TEncPic.obj
         C:\HM15.0\build\\vc10\Win32\Release\TLibEncoder\TEncPreanalyzer.obj
         C:\HM15.0\build\\vc10\Win32\Release\TLibEncoder\TEncRateCtrl.obj
         C:\HM15.0\build\\vc10\Win32\Release\TLibEncoder\TEncSampleAdaptiveOffset.obj
         C:\HM15.0\build\\vc10\Win32\Release\TLibEncoder\TEncSbac.obj
         C:\HM15.0\build\\vc10\Win32\Release\TLibEncoder\TEncSearch.obj
         C:\HM15.0\build\\vc10\Win32\Release\TLibEncoder\TEncSlice.obj
         C:\HM15.0\build\\vc10\Win32\Release\TLibEncoder\TEncTop.obj
         C:\HM15.0\build\\vc10\Win32\Release\TLibEncoder\WeightPredAnalysis.obj
         TLibEncoder_vc10.vcxproj -> C:\HM15.0\build\\vc10\Win32\Release\TLibEncoder\TLibEncoder.lib
     1>"C:\HM15.0\build\vc10\TLibEncoder_vc10.vcxproj" 프로젝트를 빌드했습니다(Build 대상).

빌드했습니다.

경과 시간: 00:00:12.95
